This is pdfTeX, Version 3.1415926-2.5-1.40.14 (MiKTeX 2.9 64-bit) (preloaded format=pdflatex 2014.1.22)  29 JAN 2014 14:02
entering extended mode
**InterimReport.tex

("C:\Users\Rich\SkyDrive\Documents\IC 4th Year\Final Year Project\Interim Repor
t\Rich Evans Interim Report\InterimReport.tex"
LaTeX2e <2011/06/27>
Babel <v3.8m> and hyphenation patterns for english, afrikaans, ancientgreek, ar
abic, armenian, assamese, basque, bengali, bokmal, bulgarian, catalan, coptic, 
croatian, czech, danish, dutch, esperanto, estonian, farsi, finnish, french, ga
lician, german, german-x-2013-05-26, greek, gujarati, hindi, hungarian, iceland
ic, indonesian, interlingua, irish, italian, kannada, kurmanji, latin, latvian,
 lithuanian, malayalam, marathi, mongolian, mongolianlmc, monogreek, ngerman, n
german-x-2013-05-26, nynorsk, oriya, panjabi, pinyin, polish, portuguese, roman
ian, russian, sanskrit, serbian, slovak, slovenian, spanish, swedish, swissgerm
an, tamil, telugu, turkish, turkmen, ukenglish, ukrainian, uppersorbian, usengl
ishmax, welsh, loaded.
("C:\Program Files\MiKTeX 2.9\tex\latex\base\report.cls"
Document Class: report 2007/10/19 v1.4h Standard LaTeX document class
("C:\Program Files\MiKTeX 2.9\tex\latex\base\size12.clo"
File: size12.clo 2007/10/19 v1.4h Standard LaTeX file (size option)
)
\c@part=\count79
\c@chapter=\count80
\c@section=\count81
\c@subsection=\count82
\c@subsubsection=\count83
\c@paragraph=\count84
\c@subparagraph=\count85
\c@figure=\count86
\c@table=\count87
\abovecaptionskip=\skip41
\belowcaptionskip=\skip42
\bibindent=\dimen102
)
("C:\Program Files\MiKTeX 2.9\tex\latex\amsfonts\amsfonts.sty"
Package: amsfonts 2013/01/14 v3.01 Basic AMSFonts support
\@emptytoks=\toks14
\symAMSa=\mathgroup4
\symAMSb=\mathgroup5
LaTeX Font Info:    Overwriting math alphabet `\mathfrak' in version `bold'
(Font)                  U/euf/m/n --> U/euf/b/n on input line 106.
)
("C:\Program Files\MiKTeX 2.9\tex\latex\graphics\graphicx.sty"
Package: graphicx 1999/02/16 v1.0f Enhanced LaTeX Graphics (DPC,SPQR)

("C:\Program Files\MiKTeX 2.9\tex\latex\graphics\keyval.sty"
Package: keyval 1999/03/16 v1.13 key=value parser (DPC)
\KV@toks@=\toks15
)
("C:\Program Files\MiKTeX 2.9\tex\latex\graphics\graphics.sty"
Package: graphics 2009/02/05 v1.0o Standard LaTeX Graphics (DPC,SPQR)

("C:\Program Files\MiKTeX 2.9\tex\latex\graphics\trig.sty"
Package: trig 1999/03/16 v1.09 sin cos tan (DPC)
)
("C:\Program Files\MiKTeX 2.9\tex\latex\00miktex\graphics.cfg"
File: graphics.cfg 2007/01/18 v1.5 graphics configuration of teTeX/TeXLive
)
Package graphics Info: Driver file: pdftex.def on input line 91.

("C:\Program Files\MiKTeX 2.9\tex\latex\pdftex-def\pdftex.def"
File: pdftex.def 2011/05/27 v0.06d Graphics/color for pdfTeX

("C:\Program Files\MiKTeX 2.9\tex\generic\oberdiek\infwarerr.sty"
Package: infwarerr 2010/04/08 v1.3 Providing info/warning/error messages (HO)
)
("C:\Program Files\MiKTeX 2.9\tex\generic\oberdiek\ltxcmds.sty"
Package: ltxcmds 2011/11/09 v1.22 LaTeX kernel commands for general use (HO)
)
\Gread@gobject=\count88
))
\Gin@req@height=\dimen103
\Gin@req@width=\dimen104
)
(C:\Users\Rich\AppData\Roaming\MiKTeX\2.9\tex\latex\pdfpages\pdfpages.sty
Package: pdfpages 2013/08/25 v0.4v Insert pages of external PDF documents (AM)

("C:\Program Files\MiKTeX 2.9\tex\latex\base\ifthen.sty"
Package: ifthen 2001/05/26 v1.1c Standard LaTeX ifthen package (DPC)
)
("C:\Program Files\MiKTeX 2.9\tex\latex\tools\calc.sty"
Package: calc 2007/08/22 v4.3 Infix arithmetic (KKT,FJ)
\calc@Acount=\count89
\calc@Bcount=\count90
\calc@Adimen=\dimen105
\calc@Bdimen=\dimen106
\calc@Askip=\skip43
\calc@Bskip=\skip44
LaTeX Info: Redefining \setlength on input line 76.
LaTeX Info: Redefining \addtolength on input line 77.
\calc@Ccount=\count91
\calc@Cskip=\skip45
)
(C:\Users\Rich\AppData\Roaming\MiKTeX\2.9\tex\latex\eso-pic\eso-pic.sty
Package: eso-pic 2013/10/06 v2.0d eso-pic (RN)

("C:\Program Files\MiKTeX 2.9\tex\generic\oberdiek\atbegshi.sty"
Package: atbegshi 2011/10/05 v1.16 At begin shipout hook (HO)

("C:\Program Files\MiKTeX 2.9\tex\generic\oberdiek\ifpdf.sty"
Package: ifpdf 2011/01/30 v2.3 Provides the ifpdf switch (HO)
Package ifpdf Info: pdfTeX in PDF mode is detected.
))
(C:\Users\Rich\AppData\Roaming\MiKTeX\2.9\tex\latex\xcolor\xcolor.sty
Package: xcolor 2007/01/21 v2.11 LaTeX color extensions (UK)

("C:\Program Files\MiKTeX 2.9\tex\latex\00miktex\color.cfg"
File: color.cfg 2007/01/18 v1.5 color configuration of teTeX/TeXLive
)
Package xcolor Info: Driver file: pdftex.def on input line 225.
Package xcolor Info: Model `cmy' substituted by `cmy0' on input line 1337.
Package xcolor Info: Model `hsb' substituted by `rgb' on input line 1341.
Package xcolor Info: Model `RGB' extended on input line 1353.
Package xcolor Info: Model `HTML' substituted by `rgb' on input line 1355.
Package xcolor Info: Model `Hsb' substituted by `hsb' on input line 1356.
Package xcolor Info: Model `tHsb' substituted by `hsb' on input line 1357.
Package xcolor Info: Model `HSB' substituted by `hsb' on input line 1358.
Package xcolor Info: Model `Gray' substituted by `gray' on input line 1359.
Package xcolor Info: Model `wave' substituted by `hsb' on input line 1360.
))
(C:\Users\Rich\AppData\Roaming\MiKTeX\2.9\tex\latex\pdfpages\pppdftex.def
File: pppdftex.def 2013/08/25 v0.4v Pdfpages driver for pdfTeX (AM)
)
\AM@pagebox=\box26
\AM@toc@title=\toks16
\c@AM@survey=\count92
\AM@templatesizebox=\box27
)
(C:\Users\Rich\AppData\Roaming\MiKTeX\2.9\tex\latex\url\url.sty
\Urlmuskip=\muskip10
Package: url 2013/09/16  ver 3.4  Verb mode for urls, etc.
)
(C:\Users\Rich\AppData\Roaming\MiKTeX\2.9\tex\latex\listings\listings.sty
\lst@mode=\count93
\lst@gtempboxa=\box28
\lst@token=\toks17
\lst@length=\count94
\lst@currlwidth=\dimen107
\lst@column=\count95
\lst@pos=\count96
\lst@lostspace=\dimen108
\lst@width=\dimen109
\lst@newlines=\count97
\lst@lineno=\count98
\lst@maxwidth=\dimen110

(C:\Users\Rich\AppData\Roaming\MiKTeX\2.9\tex\latex\listings\lstmisc.sty
File: lstmisc.sty 2013/08/26 1.5b (Carsten Heinz)
\c@lstnumber=\count99
\lst@skipnumbers=\count100
\lst@framebox=\box29
)
(C:\Users\Rich\AppData\Roaming\MiKTeX\2.9\tex\latex\listings\listings.cfg
File: listings.cfg 2013/08/26 1.5b listings configuration
))
Package: listings 2013/08/26 1.5b (Carsten Heinz)

("C:\Users\Rich\SkyDrive\Documents\IC 4th Year\Final Year Project\Interim Repor
t\Rich Evans Interim Report\InterimReport.aux")
LaTeX Font Info:    Checking defaults for OML/cmm/m/it on input line 16.
LaTeX Font Info:    ... okay on input line 16.
LaTeX Font Info:    Checking defaults for T1/cmr/m/n on input line 16.
LaTeX Font Info:    ... okay on input line 16.
LaTeX Font Info:    Checking defaults for OT1/cmr/m/n on input line 16.
LaTeX Font Info:    ... okay on input line 16.
LaTeX Font Info:    Checking defaults for OMS/cmsy/m/n on input line 16.
LaTeX Font Info:    ... okay on input line 16.
LaTeX Font Info:    Checking defaults for OMX/cmex/m/n on input line 16.
LaTeX Font Info:    ... okay on input line 16.
LaTeX Font Info:    Checking defaults for U/cmr/m/n on input line 16.
LaTeX Font Info:    ... okay on input line 16.

(C:\Users\Rich\AppData\Roaming\MiKTeX\2.9\tex\context\base\supp-pdf.mkii
[Loading MPS to PDF converter (version 2006.09.02).]
\scratchcounter=\count101
\scratchdimen=\dimen111
\scratchbox=\box30
\nofMPsegments=\count102
\nofMParguments=\count103
\everyMPshowfont=\toks18
\MPscratchCnt=\count104
\MPscratchDim=\dimen112
\MPnumerator=\count105
\makeMPintoPDFobject=\count106
\everyMPtoPDFconversion=\toks19
)
\AtBeginShipoutBox=\box31
\c@lstlisting=\count107
LaTeX Font Info:    Try loading font information for U+msa on input line 18.
 ("C:\Program Files\MiKTeX 2.9\tex\latex\amsfonts\umsa.fd"
File: umsa.fd 2013/01/14 v3.01 AMS symbols A
)
LaTeX Font Info:    Try loading font information for U+msb on input line 18.

("C:\Program Files\MiKTeX 2.9\tex\latex\amsfonts\umsb.fd"
File: umsb.fd 2013/01/14 v3.01 AMS symbols B
) [1

{C:/Users/Rich/AppData/Local/MiKTeX/2.9/pdftex/config/pdftex.map}]
("C:\Users\Rich\SkyDrive\Documents\IC 4th Year\Final Year Project\Interim Repor
t\Rich Evans Interim Report\InterimReport.toc")
\tf@toc=\write3
 [2

]
Chapter 1.
[3

]
Chapter 2.
LaTeX Font Info:    Try loading font information for OMS+cmr on input line 56.
("C:\Program Files\MiKTeX 2.9\tex\latex\base\omscmr.fd"
File: omscmr.fd 1999/05/25 v2.5h Standard LaTeX font definitions
)
LaTeX Font Info:    Font shape `OMS/cmr/m/n' in size <12> not available
(Font)              Font shape `OMS/cmsy/m/n' tried instead on input line 56.
 [4

] [5] [6]
Underfull \hbox (badness 10000) in paragraph at lines 97--98

 []

[7] [8] [9] [10]
Overfull \hbox (17.62482pt too wide) in paragraph at lines 216--242
[]$[]$ 
 []

[11]
Overfull \hbox (17.62482pt too wide) in paragraph at lines 247--271
[]$[]$ 
 []

[12]
Overfull \hbox (17.62482pt too wide) in paragraph at lines 288--304
[]$[]$ 
 []

[13]
<"System Diagram/System Block Diagram".png, id=47, 606.5862pt x 502.0356pt>
File: "System Diagram/System Block Diagram".png Graphic file (type png)

<use "System Diagram/System Block Diagram".png>
Package pdftex.def Info: "System Diagram/System Block Diagram".png used on inpu
t line 313.
(pdftex.def)             Requested size: 390.0pt x 322.78781pt.
 [14 <C:/Users/Rich/SkyDrive/Documents/IC 4th Year/Final Year Project/Interim R
eport/Rich Evans Interim Report/System Diagram/System Block Diagram.png>]
<"GUI Sketches/Main Overview Cropped".png, id=52, 428.3202pt x 350.2686pt>
File: "GUI Sketches/Main Overview Cropped".png Graphic file (type png)

<use "GUI Sketches/Main Overview Cropped".png>
Package pdftex.def Info: "GUI Sketches/Main Overview Cropped".png used on input
 line 321.
(pdftex.def)             Requested size: 390.0pt x 318.93199pt.

Overfull \hbox (17.62482pt too wide) in paragraph at lines 321--322
[][] 
 []

[15 <C:/Users/Rich/SkyDrive/Documents/IC 4th Year/Final Year Project/Interim Re
port/Rich Evans Interim Report/GUI Sketches/Main Overview Cropped.png>]
Overfull \hbox (17.62482pt too wide) in paragraph at lines 329--339
[]$[]$ 
 []

<"GUI Sketches/Side Menu View Cropped".png, id=58, 403.7484pt x 343.5234pt>
File: "GUI Sketches/Side Menu View Cropped".png Graphic file (type png)

<use "GUI Sketches/Side Menu View Cropped".png>
Package pdftex.def Info: "GUI Sketches/Side Menu View Cropped".png used on inpu
t line 342.
(pdftex.def)             Requested size: 390.0pt x 331.8492pt.

Overfull \hbox (17.62482pt too wide) in paragraph at lines 342--343
[][] 
 []

[16]
<"GUI Sketches/Help Request Window Cropped".png, id=62, 405.6756pt x 350.2686pt
>
File: "GUI Sketches/Help Request Window Cropped".png Graphic file (type png)
 <use "GUI Sketches/Help Request Window Cropped".png>
Package pdftex.def Info: "GUI Sketches/Help Request Window Cropped".png used on
 input line 348.
(pdftex.def)             Requested size: 390.0pt x 336.74574pt.

Overfull \hbox (17.62482pt too wide) in paragraph at lines 348--349
[][] 
 []

[17 <C:/Users/Rich/SkyDrive/Documents/IC 4th Year/Final Year Project/Interim Re
port/Rich Evans Interim Report/GUI Sketches/Side Menu View Cropped.png>]
<"GUI Sketches/Message Notification Cropped".png, id=67, 401.8212pt x 343.0416p
t>
File: "GUI Sketches/Message Notification Cropped".png Graphic file (type png)
 <use "GUI Sketches/Message Notification Cropped".png>
Package pdftex.def Info: "GUI Sketches/Message Notification Cropped".png used o
n input line 352.
(pdftex.def)             Requested size: 390.0pt x 332.95407pt.

Overfull \hbox (17.62482pt too wide) in paragraph at lines 352--353
[][] 
 []

[18 <C:/Users/Rich/SkyDrive/Documents/IC 4th Year/Final Year Project/Interim Re
port/Rich Evans Interim Report/GUI Sketches/Help Request Window Cropped.png>]
<"GUI Sketches/Seating Plan Cropped".png, id=72, 408.5664pt x 342.078pt>
File: "GUI Sketches/Seating Plan Cropped".png Graphic file (type png)

<use "GUI Sketches/Seating Plan Cropped".png>
Package pdftex.def Info: "GUI Sketches/Seating Plan Cropped".png used on input 
line 358.
(pdftex.def)             Requested size: 390.0pt x 326.53293pt.

Overfull \hbox (17.62482pt too wide) in paragraph at lines 358--359
[][] 
 []

[19 <C:/Users/Rich/SkyDrive/Documents/IC 4th Year/Final Year Project/Interim Re
port/Rich Evans Interim Report/GUI Sketches/Message Notification Cropped.png>]
[20 <C:/Users/Rich/SkyDrive/Documents/IC 4th Year/Final Year Project/Interim Re
port/Rich Evans Interim Report/GUI Sketches/Seating Plan Cropped.png>]
Chapter 3.
<"Project Plan/PP".png, id=82, 844.1136pt x 430.2474pt>
File: "Project Plan/PP".png Graphic file (type png)

<use "Project Plan/PP".png>
Package pdftex.def Info: "Project Plan/PP".png used on input line 374.
(pdftex.def)             Requested size: 545.99762pt x 278.31166pt.

Overfull \hbox (155.99762pt too wide) in paragraph at lines 371--377
 $[]$ 
 []

[21

 <C:/Users/Rich/SkyDrive/Documents/IC 4th Year/Final Year Project/Interim Repor
t/Rich Evans Interim Report/Project Plan/PP.png>]
Chapter 4.
[22

]
Appendix A.
<surveyResult.pdf, id=90, 597.55246pt x 845.07718pt>
File: surveyResult.pdf Graphic file (type pdf)
 <use surveyResult.pdf>
Package pdftex.def Info: surveyResult.pdf used on input line 387.
(pdftex.def)             Requested size: 597.551pt x 845.07512pt.
File: surveyResult.pdf Graphic file (type pdf)

<use surveyResult.pdf>
Package pdftex.def Info: surveyResult.pdf used on input line 387.
(pdftex.def)             Requested size: 597.551pt x 845.07512pt.
 [23

]
<surveyResult.pdf, id=96, page=1, 597.55246pt x 845.07718pt>
File: surveyResult.pdf Graphic file (type pdf)

<use surveyResult.pdf, page 1>
Package pdftex.def Info: surveyResult.pdf, page1 used on input line 387.
(pdftex.def)             Requested size: 597.551pt x 845.07512pt.
File: surveyResult.pdf Graphic file (type pdf)
 <use surveyResult.pdf, page 1>
Package pdftex.def Info: surveyResult.pdf, page1 used on input line 387.
(pdftex.def)             Requested size: 597.57834pt x 845.1138pt.
File: surveyResult.pdf Graphic file (type pdf)

<use surveyResult.pdf, page 1>
Package pdftex.def Info: surveyResult.pdf, page1 used on input line 387.
(pdftex.def)             Requested size: 597.57834pt x 845.1138pt.
File: surveyResult.pdf Graphic file (type pdf)
 <use surveyResult.pdf, page 1>
Package pdftex.def Info: surveyResult.pdf, page1 used on input line 387.
(pdftex.def)             Requested size: 597.57834pt x 845.1138pt.
File: surveyResult.pdf Graphic file (type pdf)

<use surveyResult.pdf, page 1>
Package pdftex.def Info: surveyResult.pdf, page1 used on input line 387.
(pdftex.def)             Requested size: 597.57834pt x 845.1138pt.
 [24 <C:/Users/Rich/SkyDrive/Documents/IC 4th Year/Final Year Project/Interim R
eport/Rich Evans Interim Report/surveyResult.pdf>] <surveyResult.pdf, id=125, p
age=2, 597.55246pt x 845.07718pt>
File: surveyResult.pdf Graphic file (type pdf)

<use surveyResult.pdf, page 2>
Package pdftex.def Info: surveyResult.pdf, page2 used on input line 387.
(pdftex.def)             Requested size: 597.57834pt x 845.1138pt.
File: surveyResult.pdf Graphic file (type pdf)
 <use surveyResult.pdf, page 2>
Package pdftex.def Info: surveyResult.pdf, page2 used on input line 387.
(pdftex.def)             Requested size: 597.57834pt x 845.1138pt.
File: surveyResult.pdf Graphic file (type pdf)

<use surveyResult.pdf, page 2>
Package pdftex.def Info: surveyResult.pdf, page2 used on input line 387.
(pdftex.def)             Requested size: 597.57834pt x 845.1138pt.
 [25 <C:/Users/Rich/SkyDrive/Documents/IC 4th Year/Final Year Project/Interim R
eport/Rich Evans Interim Report/surveyResult.pdf>] <surveyResult.pdf, id=131, p
age=3, 597.55246pt x 845.07718pt>
File: surveyResult.pdf Graphic file (type pdf)

<use surveyResult.pdf, page 3>
Package pdftex.def Info: surveyResult.pdf, page3 used on input line 387.
(pdftex.def)             Requested size: 597.57834pt x 845.1138pt.
File: surveyResult.pdf Graphic file (type pdf)
 <use surveyResult.pdf, page 3>
Package pdftex.def Info: surveyResult.pdf, page3 used on input line 387.
(pdftex.def)             Requested size: 597.57834pt x 845.1138pt.
File: surveyResult.pdf Graphic file (type pdf)

<use surveyResult.pdf, page 3>
Package pdftex.def Info: surveyResult.pdf, page3 used on input line 387.
(pdftex.def)             Requested size: 597.57834pt x 845.1138pt.
 [26 <C:/Users/Rich/SkyDrive/Documents/IC 4th Year/Final Year Project/Interim R
eport/Rich Evans Interim Report/surveyResult.pdf>] <surveyResult.pdf, id=136, p
age=4, 597.55246pt x 845.07718pt>
File: surveyResult.pdf Graphic file (type pdf)

<use surveyResult.pdf, page 4>
Package pdftex.def Info: surveyResult.pdf, page4 used on input line 387.
(pdftex.def)             Requested size: 597.57834pt x 845.1138pt.
File: surveyResult.pdf Graphic file (type pdf)
 <use surveyResult.pdf, page 4>
Package pdftex.def Info: surveyResult.pdf, page4 used on input line 387.
(pdftex.def)             Requested size: 597.57834pt x 845.1138pt.
File: surveyResult.pdf Graphic file (type pdf)

<use surveyResult.pdf, page 4>
Package pdftex.def Info: surveyResult.pdf, page4 used on input line 387.
(pdftex.def)             Requested size: 597.57834pt x 845.1138pt.
 [27 <C:/Users/Rich/SkyDrive/Documents/IC 4th Year/Final Year Project/Interim R
eport/Rich Evans Interim Report/surveyResult.pdf>] <surveyResult.pdf, id=141, p
age=5, 597.55246pt x 845.07718pt>
File: surveyResult.pdf Graphic file (type pdf)

<use surveyResult.pdf, page 5>
Package pdftex.def Info: surveyResult.pdf, page5 used on input line 387.
(pdftex.def)             Requested size: 597.57834pt x 845.1138pt.
File: surveyResult.pdf Graphic file (type pdf)
 <use surveyResult.pdf, page 5>
Package pdftex.def Info: surveyResult.pdf, page5 used on input line 387.
(pdftex.def)             Requested size: 597.57834pt x 845.1138pt.
File: surveyResult.pdf Graphic file (type pdf)

<use surveyResult.pdf, page 5>
Package pdftex.def Info: surveyResult.pdf, page5 used on input line 387.
(pdftex.def)             Requested size: 597.57834pt x 845.1138pt.
 [28 <C:/Users/Rich/SkyDrive/Documents/IC 4th Year/Final Year Project/Interim R
eport/Rich Evans Interim Report/surveyResult.pdf>]
("C:\Users\Rich\SkyDrive\Documents\IC 4th Year\Final Year Project\Interim Repor
t\Rich Evans Interim Report\InterimReport.bbl"
Underfull \hbox (badness 10000) in paragraph at lines 19--25
[]\OT1/cmr/m/n/12 JFrankie.  An-droid Slid-ing-Pan-eLay-out: Tu-to-
 []


Underfull \hbox (badness 10000) in paragraph at lines 19--25
\OT1/cmr/m/n/12 rial.  $\OT1/cmtt/m/n/12 http : / / www . survivingwithandroid 
. com / 2013 / 10 /$
 []


Underfull \hbox (badness 1917) in paragraph at lines 19--25
$\OT1/cmtt/m/n/12 android-[]slidingpanelayout-[]tutorial . html$\OT1/cmr/m/n/12
 , Oc-to-ber 2013.  Ac-
 []

Missing character: There is no Ã in font cmr12!
Missing character: There is no ¤ in font cmr12!

Underfull \hbox (badness 1178) in paragraph at lines 27--32
[]\OT1/cmr/m/n/12 Ronald Tschalr.  Full-duplex chan-nel over HTTP.  $\OT1/cmtt/
m/n/12 http : / / www .$
 []

) [29

]
("C:\Users\Rich\SkyDrive\Documents\IC 4th Year\Final Year Project\Interim Repor
t\Rich Evans Interim Report\InterimReport.aux") ) 
Here is how much of TeX's memory you used:
 3851 strings out of 493921
 56286 string characters out of 3147285
 156856 words of memory out of 3000000
 7101 multiletter control sequences out of 15000+200000
 13178 words of font info for 51 fonts, out of 3000000 for 9000
 841 hyphenation exceptions out of 8191
 39i,18n,43p,1423b,952s stack positions out of 5000i,500n,10000p,200000b,50000s
<C:/Program Files/MiKTeX 2.9/f
onts/type1/public/amsfonts/cm/cmbx12.pfb><C:/Program Files/MiKTeX 2.9/fonts/typ
e1/public/amsfonts/cm/cmr12.pfb><C:/Program Files/MiKTeX 2.9/fonts/type1/public
/amsfonts/cm/cmr17.pfb><C:/Program Files/MiKTeX 2.9/fonts/type1/public/amsfonts
/cm/cmsy10.pfb><C:/Program Files/MiKTeX 2.9/fonts/type1/public/amsfonts/cm/cmtt
12.pfb>
Output written on InterimReport.pdf (29 pages, 1699380 bytes).
PDF statistics:
 167 PDF objects out of 1000 (max. 8388607)
 0 named destinations out of 1000 (max. 500000)
 76 words of extra memory for PDF output out of 10000 (max. 10000000)

