\BOOKMARK [0][-]{chapter*.2}{Monday, 31 March 2014}{}% 1
\BOOKMARK [1][-]{experiment.1.1}{Introduction to logbook}{chapter*.2}% 2
\BOOKMARK [1][-]{experiment.1.2}{Prior Work}{chapter*.2}% 3
\BOOKMARK [1][-]{experiment.1.3}{Technology Investigation}{chapter*.2}% 4
\BOOKMARK [1][-]{experiment.1.4}{Days Work}{chapter*.2}% 5
\BOOKMARK [1][-]{experiment.1.5}{System Authentication}{chapter*.2}% 6
\BOOKMARK [0][-]{chapter*.3}{Tuesday, 1 April 2014}{}% 7
\BOOKMARK [1][-]{experiment.2.1}{Node.JS Tutorial}{chapter*.3}% 8
\BOOKMARK [1][-]{experiment.2.2}{ActiveDirectory Authentication on Node.JS}{chapter*.3}% 9
\BOOKMARK [0][-]{chapter*.4}{Thursday, 3 April 2014}{}% 10
\BOOKMARK [1][-]{experiment.3.1}{LDAP Authentication for websocket connection on node}{chapter*.4}% 11
\BOOKMARK [0][-]{chapter*.5}{Wednesday, 9 April 2014}{}% 12
\BOOKMARK [1][-]{experiment.4.1}{Initial Work on Creating an Android Chat App}{chapter*.5}% 13
\BOOKMARK [0][-]{chapter*.6}{Thursday, 10 April 2014}{}% 14
\BOOKMARK [1][-]{experiment.5.1}{Continuation of Android Chat App}{chapter*.6}% 15
\BOOKMARK [0][-]{chapter*.7}{Wednesday, 23 April 2014}{}% 16
\BOOKMARK [1][-]{experiment.6.1}{Progress Meeting}{chapter*.7}% 17
\BOOKMARK [0][-]{chapter*.8}{Thursday, 24 April 2014}{}% 18
\BOOKMARK [1][-]{experiment.7.1}{Exam Data API Wrapper}{chapter*.8}% 19
\BOOKMARK [0][-]{chapter*.9}{Friday, 25 April 2014}{}% 20
\BOOKMARK [1][-]{experiment.8.1}{Rewriting the API Wrapper}{chapter*.9}% 21
\BOOKMARK [0][-]{chapter*.10}{Monday, 28 April 2014}{}% 22
\BOOKMARK [1][-]{experiment.9.1}{Logbook Catchup}{chapter*.10}% 23
\BOOKMARK [1][-]{experiment.9.2}{Improved JSON Structure for API}{chapter*.10}% 24
\BOOKMARK [0][-]{chapter*.11}{Wednesday, 30 April 2014}{}% 25
\BOOKMARK [1][-]{experiment.10.1}{Exam Data API Room View}{chapter*.11}% 26
\BOOKMARK [1][-]{experiment.10.2}{API Documentation}{chapter*.11}% 27
