\BOOKMARK [0][-]{Doc-Start}{Abstract}{}% 1
\BOOKMARK [0][-]{Doc-Start}{Acknowledgements}{}% 2
\BOOKMARK [0][-]{chapter.1}{Introduction}{}% 3
\BOOKMARK [1][-]{section.1.1}{Motivation and Objectives}{chapter.1}% 4
\BOOKMARK [0][-]{chapter.2}{Background}{}% 5
\BOOKMARK [1][-]{section.2.1}{System Requirements}{chapter.2}% 6
\BOOKMARK [2][-]{subsection.2.1.1}{Initial Research}{section.2.1}% 7
\BOOKMARK [2][-]{subsection.2.1.2}{Further Research}{section.2.1}% 8
\BOOKMARK [2][-]{subsection.2.1.3}{Research Results Analysis and Requirements}{section.2.1}% 9
\BOOKMARK [1][-]{section.2.2}{Available Data}{chapter.2}% 10
\BOOKMARK [2][-]{subsection.2.2.1}{Confidentiality of Data}{section.2.2}% 11
\BOOKMARK [1][-]{section.2.3}{Existing Infrastructure}{chapter.2}% 12
\BOOKMARK [2][-]{subsection.2.3.1}{Server Hosting}{section.2.3}% 13
\BOOKMARK [2][-]{subsection.2.3.2}{Network Communication}{section.2.3}% 14
\BOOKMARK [2][-]{subsection.2.3.3}{System Security}{section.2.3}% 15
\BOOKMARK [0][-]{chapter.3}{System Design and Architecture}{}% 16
\BOOKMARK [1][-]{section.3.1}{Consideration of System Network Architecture}{chapter.3}% 17
\BOOKMARK [1][-]{section.3.2}{System Diagram}{chapter.3}% 18
\BOOKMARK [1][-]{section.3.3}{Available Implementation Technologies}{chapter.3}% 19
\BOOKMARK [2][-]{subsection.3.3.1}{Network Communication Channels}{section.3.3}% 20
\BOOKMARK [2][-]{subsection.3.3.2}{Back-End Servers}{section.3.3}% 21
\BOOKMARK [2][-]{subsection.3.3.3}{Persistant Data Storage}{section.3.3}% 22
\BOOKMARK [2][-]{subsection.3.3.4}{System Security}{section.3.3}% 23
\BOOKMARK [2][-]{subsection.3.3.5}{Client Application Platform}{section.3.3}% 24
\BOOKMARK [0][-]{chapter.4}{Exam Data API Wrappers}{}% 25
\BOOKMARK [1][-]{section.4.1}{Input Data}{chapter.4}% 26
\BOOKMARK [2][-]{subsection.4.1.1}{Exam Data}{section.4.1}% 27
\BOOKMARK [2][-]{subsection.4.1.2}{Seating Plan Information}{section.4.1}% 28
\BOOKMARK [1][-]{section.4.2}{Exam Wrapper API Server Design}{chapter.4}% 29
\BOOKMARK [2][-]{subsection.4.2.1}{Output Data}{section.4.2}% 30
\BOOKMARK [2][-]{subsection.4.2.2}{Documentation}{section.4.2}% 31
\BOOKMARK [1][-]{section.4.3}{Security}{chapter.4}% 32
\BOOKMARK [2][-]{subsection.4.3.1}{SSL}{section.4.3}% 33
\BOOKMARK [0][-]{chapter.5}{ExICS API}{}% 34
\BOOKMARK [1][-]{section.5.1}{API Design}{chapter.5}% 35
\BOOKMARK [1][-]{section.5.2}{ExICS API Message Types}{chapter.5}% 36
\BOOKMARK [1][-]{section.5.3}{ExICS Objects}{chapter.5}% 37
\BOOKMARK [0][-]{chapter.6}{ExICS Server}{}% 38
\BOOKMARK [1][-]{section.6.1}{ExICS Server Architecture}{chapter.6}% 39
\BOOKMARK [2][-]{subsection.6.1.1}{ExICS Logic}{section.6.1}% 40
\BOOKMARK [2][-]{subsection.6.1.2}{ExICS System State Class - ``ExICSData''}{section.6.1}% 41
\BOOKMARK [2][-]{subsection.6.1.3}{Activity Logging}{section.6.1}% 42
\BOOKMARK [2][-]{subsection.6.1.4}{User Authentication}{section.6.1}% 43
\BOOKMARK [0][-]{chapter.7}{ExICS Client}{}% 44
\BOOKMARK [1][-]{section.7.1}{Initial Design Sketches}{chapter.7}% 45
\BOOKMARK [1][-]{section.7.2}{ExICS Client Architecture}{chapter.7}% 46
\BOOKMARK [2][-]{subsection.7.2.1}{Software Design Patterns}{section.7.2}% 47
\BOOKMARK [0][-]{chapter.8}{Evaluation}{}% 48
\BOOKMARK [1][-]{section.8.1}{Self-Evaluation}{chapter.8}% 49
\BOOKMARK [1][-]{section.8.2}{Peer Review Feedback}{chapter.8}% 50
\BOOKMARK [1][-]{section.8.3}{Staff Invigilator Feedback}{chapter.8}% 51
\BOOKMARK [0][-]{chapter.9}{Conclusion}{}% 52
\BOOKMARK [1][-]{section.9.1}{Summary of Achievements}{chapter.9}% 53
\BOOKMARK [1][-]{section.9.2}{Applications}{chapter.9}% 54
\BOOKMARK [1][-]{section.9.3}{Future Work}{chapter.9}% 55
\BOOKMARK [0][-]{section.9.3}{Bibliography}{}% 56
\BOOKMARK [0][-]{chapter*.25}{Appendix}{}% 57
\BOOKMARK [0][-]{chapter.1}{Initial Web Survey Results}{}% 58
\BOOKMARK [0][-]{chapter.2}{User Guide}{}% 59
